2026-05-13T21:06:09.185413Z Instance i-33082536e7df300b5 → état running
2026-05-13T21:06:09.187185Z Instance i-1485f3bdde071a6dc → état stopped
2026-05-13T21:06:09.199866Z Buckets actifs : demo-bucket-chaos-v2
2026-05-13T21:06:09.218366Z Subnets actifs : subnet-ea29eafb, subnet-2239e0de, subnet-7f890f10, subnet-1ff2c06d, subnet-70a16e97, subnet-6938eafa, subnet-31c4464b
2026-05-13T21:06:53.450370Z ⚠️ Subnet subnet-31c4464b introuvable → utilisation de subnet-3652e551
2026-05-13T21:06:53.480186Z Buckets actifs : demo-bucket-chaos-v2
2026-05-13T21:06:53.481882Z ⚠️ Security Group sg-549879059aa3b6c9a introuvable → lancement sans SG
2026-05-13T21:06:53.500689Z 🔄 Nouvelle instance i-d16c08ac67d0f840a recréée (recovery)
2026-05-13T21:06:53.512820Z Subnets actifs : subnet-3652e551, subnet-02a59048, subnet-b28e2cc8, subnet-3218d858, subnet-eb0503de, subnet-21ae0778, subnet-0d5e83f4
2026-05-13T21:07:03.673283Z Instance i-8b25c415a3ab3f383 → état running
2026-05-13T21:07:03.674861Z Instance i-d16c08ac67d0f840a → état running
2026-05-13T21:07:13.795284Z Instance i-8b25c415a3ab3f383 → état running
2026-05-13T21:07:13.796843Z Instance i-d16c08ac67d0f840a → état running
2026-05-13T21:07:22.353807Z Instance i-8b25c415a3ab3f383 → état running
2026-05-13T21:07:22.355541Z Instance i-d16c08ac67d0f840a → état running
2026-05-13T21:07:22.367708Z Buckets actifs : demo-bucket-chaos-v2
2026-05-13T21:07:22.386258Z Subnets actifs : subnet-3652e551, subnet-02a59048, subnet-b28e2cc8, subnet-3218d858, subnet-eb0503de, subnet-21ae0778, subnet-0d5e83f4
2026-05-13T21:07:22.747699Z Instance i-8b25c415a3ab3f383 → état running
2026-05-13T21:07:22.749490Z Instance i-d16c08ac67d0f840a → état running
2026-05-13T21:07:32.849685Z Instance i-8b25c415a3ab3f383 → état running
2026-05-13T21:07:32.851286Z Instance i-d16c08ac67d0f840a → état running
2026-05-13T21:07:34.124013Z 🎯 [INJECT] Déclenchement : Arrêter une instance EC2 au hasard
2026-05-13T21:07:34.156025Z 💥 [CHAOS] Instance i-8b25c415a3ab3f383 arrêtée (kill_instance)
2026-05-13T21:07:36.182349Z Instance i-8b25c415a3ab3f383 → état stopped
2026-05-13T21:07:36.184043Z Instance i-d16c08ac67d0f840a → état running
2026-05-13T21:07:42.960243Z Instance i-8b25c415a3ab3f383 → état stopped
2026-05-13T21:07:42.962126Z Instance i-d16c08ac67d0f840a → état running
2026-05-13T21:07:51.137081Z Instance i-8b25c415a3ab3f383 → état stopped
2026-05-13T21:07:51.138682Z Instance i-d16c08ac67d0f840a → état running
2026-05-13T21:07:51.150875Z Buckets actifs : demo-bucket-chaos-v2
2026-05-13T21:07:51.168997Z Subnets actifs : subnet-3652e551, subnet-02a59048, subnet-b28e2cc8, subnet-3218d858, subnet-eb0503de, subnet-21ae0778, subnet-0d5e83f4
2026-05-13T21:07:51.845321Z Instance i-8b25c415a3ab3f383 → état stopped
2026-05-13T21:07:51.847133Z Instance i-d16c08ac67d0f840a → état running
2026-05-13T21:08:01.958917Z Instance i-8b25c415a3ab3f383 → état stopped
2026-05-13T21:08:01.960654Z Instance i-d16c08ac67d0f840a → état running
2026-05-13T21:08:12.101785Z Instance i-8b25c415a3ab3f383 → état stopped
2026-05-13T21:08:12.103569Z Instance i-d16c08ac67d0f840a → état running
2026-05-13T21:08:20.034025Z Instance i-8b25c415a3ab3f383 → état stopped
2026-05-13T21:08:20.035749Z Instance i-d16c08ac67d0f840a → état running
2026-05-13T21:08:20.048863Z Buckets actifs : demo-bucket-chaos-v2
2026-05-13T21:08:20.069898Z Subnets actifs : subnet-3652e551, subnet-02a59048, subnet-b28e2cc8, subnet-3218d858, subnet-eb0503de, subnet-21ae0778, subnet-0d5e83f4
2026-05-13T21:08:21.034553Z Instance i-8b25c415a3ab3f383 → état stopped
2026-05-13T21:08:21.036362Z Instance i-d16c08ac67d0f840a → état running
2026-05-13T21:08:31.136373Z Instance i-8b25c415a3ab3f383 → état stopped
2026-05-13T21:08:31.137955Z Instance i-d16c08ac67d0f840a → état running
2026-05-13T21:08:40.036111Z Instance i-8b25c415a3ab3f383 → état stopped
2026-05-13T21:08:40.038013Z Instance i-d16c08ac67d0f840a → état running
2026-05-13T21:08:48.828644Z Instance i-8b25c415a3ab3f383 → état stopped
2026-05-13T21:08:48.830430Z Instance i-d16c08ac67d0f840a → état running
2026-05-13T21:08:48.843318Z Buckets actifs : demo-bucket-chaos-v2
2026-05-13T21:08:48.921706Z Subnets actifs : subnet-3652e551, subnet-02a59048, subnet-b28e2cc8, subnet-3218d858, subnet-eb0503de, subnet-21ae0778, subnet-0d5e83f4
2026-05-13T21:08:50.154854Z Instance i-8b25c415a3ab3f383 → état stopped
2026-05-13T21:08:50.156568Z Instance i-d16c08ac67d0f840a → état running
2026-05-13T21:09:00.256463Z Instance i-8b25c415a3ab3f383 → état stopped
2026-05-13T21:09:00.258141Z Instance i-d16c08ac67d0f840a → état running
2026-05-13T21:09:09.208827Z Instance i-8b25c415a3ab3f383 → état stopped
2026-05-13T21:09:09.210525Z Instance i-d16c08ac67d0f840a → état running
2026-05-13T21:09:17.721808Z Instance i-8b25c415a3ab3f383 → état stopped
2026-05-13T21:09:17.723551Z Instance i-d16c08ac67d0f840a → état running
2026-05-13T21:09:17.736006Z Buckets actifs : demo-bucket-chaos-v2
2026-05-13T21:09:17.754299Z Subnets actifs : subnet-3652e551, subnet-02a59048, subnet-b28e2cc8, subnet-3218d858, subnet-eb0503de, subnet-21ae0778, subnet-0d5e83f4
2026-05-13T21:09:19.309331Z Instance i-8b25c415a3ab3f383 → état stopped
2026-05-13T21:09:19.310972Z Instance i-d16c08ac67d0f840a → état running
2026-05-13T21:09:29.412333Z Instance i-8b25c415a3ab3f383 → état stopped
2026-05-13T21:09:29.413915Z Instance i-d16c08ac67d0f840a → état running
2026-05-13T21:09:38.377423Z Instance i-8b25c415a3ab3f383 → état stopped
2026-05-13T21:09:38.378989Z Instance i-d16c08ac67d0f840a → état running
2026-05-13T21:09:46.580605Z Instance i-8b25c415a3ab3f383 → état stopped
2026-05-13T21:09:46.582316Z Instance i-d16c08ac67d0f840a → état running
2026-05-13T21:09:46.596157Z Buckets actifs : demo-bucket-chaos-v2
2026-05-13T21:09:46.614775Z Subnets actifs : subnet-3652e551, subnet-02a59048, subnet-b28e2cc8, subnet-3218d858, subnet-eb0503de, subnet-21ae0778, subnet-0d5e83f4
2026-05-13T21:09:48.487427Z Instance i-8b25c415a3ab3f383 → état stopped
2026-05-13T21:09:48.489558Z Instance i-d16c08ac67d0f840a → état running
2026-05-13T21:09:58.658427Z Instance i-8b25c415a3ab3f383 → état stopped
2026-05-13T21:09:58.659942Z Instance i-d16c08ac67d0f840a → état running
2026-05-13T21:10:07.545245Z Instance i-8b25c415a3ab3f383 → état stopped
2026-05-13T21:10:07.546785Z Instance i-d16c08ac67d0f840a → état running
2026-05-13T21:10:15.451313Z Instance i-8b25c415a3ab3f383 → état stopped
2026-05-13T21:10:15.452886Z Instance i-d16c08ac67d0f840a → état running
2026-05-13T21:10:15.465406Z Buckets actifs : demo-bucket-chaos-v2
2026-05-13T21:10:15.484936Z Subnets actifs : subnet-3652e551, subnet-02a59048, subnet-b28e2cc8, subnet-3218d858, subnet-eb0503de, subnet-21ae0778, subnet-0d5e83f4
2026-05-13T21:10:17.658673Z Instance i-8b25c415a3ab3f383 → état stopped
2026-05-13T21:10:17.660600Z Instance i-d16c08ac67d0f840a → état running
2026-05-13T21:10:27.836234Z Instance i-8b25c415a3ab3f383 → état stopped
2026-05-13T21:10:27.837913Z Instance i-d16c08ac67d0f840a → état running
2026-05-13T21:10:36.707946Z Instance i-8b25c415a3ab3f383 → état stopped
2026-05-13T21:10:36.709603Z Instance i-d16c08ac67d0f840a → état running
2026-05-13T21:10:44.311446Z Instance i-8b25c415a3ab3f383 → état stopped
2026-05-13T21:10:44.313253Z Instance i-d16c08ac67d0f840a → état running
2026-05-13T21:10:44.325799Z Buckets actifs : demo-bucket-chaos-v2
2026-05-13T21:10:44.344729Z Subnets actifs : subnet-3652e551, subnet-02a59048, subnet-b28e2cc8, subnet-3218d858, subnet-eb0503de, subnet-21ae0778, subnet-0d5e83f4
2026-05-13T21:10:46.831911Z Instance i-8b25c415a3ab3f383 → état stopped
2026-05-13T21:10:46.833658Z Instance i-d16c08ac67d0f840a → état running
2026-05-13T21:10:56.992545Z Instance i-8b25c415a3ab3f383 → état stopped
2026-05-13T21:10:56.994161Z Instance i-d16c08ac67d0f840a → état running
2026-05-13T21:11:05.838626Z Instance i-8b25c415a3ab3f383 → état stopped
2026-05-13T21:11:05.840441Z Instance i-d16c08ac67d0f840a → état running
2026-05-13T21:11:13.148802Z Instance i-8b25c415a3ab3f383 → état stopped
2026-05-13T21:11:13.150578Z Instance i-d16c08ac67d0f840a → état running
2026-05-13T21:11:13.162761Z Buckets actifs : demo-bucket-chaos-v2
2026-05-13T21:11:13.181991Z Subnets actifs : subnet-3652e551, subnet-02a59048, subnet-b28e2cc8, subnet-3218d858, subnet-eb0503de, subnet-21ae0778, subnet-0d5e83f4
2026-05-13T21:11:15.934218Z Instance i-8b25c415a3ab3f383 → état stopped
2026-05-13T21:11:15.936094Z Instance i-d16c08ac67d0f840a → état running
2026-05-13T21:11:26.129028Z Instance i-8b25c415a3ab3f383 → état stopped
2026-05-13T21:11:26.130680Z Instance i-d16c08ac67d0f840a → état running
2026-05-13T21:11:35.026639Z Instance i-8b25c415a3ab3f383 → état stopped
2026-05-13T21:11:35.028353Z Instance i-d16c08ac67d0f840a → état running
2026-05-13T21:11:42.075315Z Instance i-8b25c415a3ab3f383 → état stopped
2026-05-13T21:11:42.077049Z Instance i-d16c08ac67d0f840a → état running
2026-05-13T21:11:42.089468Z Buckets actifs : demo-bucket-chaos-v2
2026-05-13T21:11:42.107004Z Subnets actifs : subnet-3652e551, subnet-02a59048, subnet-b28e2cc8, subnet-3218d858, subnet-eb0503de, subnet-21ae0778, subnet-0d5e83f4
2026-05-13T21:11:45.193336Z Instance i-8b25c415a3ab3f383 → état stopped
2026-05-13T21:11:45.195017Z Instance i-d16c08ac67d0f840a → état running
2026-05-13T21:11:55.320770Z Instance i-8b25c415a3ab3f383 → état stopped
2026-05-13T21:11:55.323162Z Instance i-d16c08ac67d0f840a → état running
2026-05-13T21:12:04.146773Z Instance i-8b25c415a3ab3f383 → état stopped
2026-05-13T21:12:04.148437Z Instance i-d16c08ac67d0f840a → état running
2026-05-13T21:12:10.867619Z Instance i-8b25c415a3ab3f383 → état stopped
2026-05-13T21:12:10.869841Z Instance i-d16c08ac67d0f840a → état running
2026-05-13T21:12:10.882690Z Buckets actifs : demo-bucket-chaos-v2
2026-05-13T21:12:10.902011Z Subnets actifs : subnet-3652e551, subnet-02a59048, subnet-b28e2cc8, subnet-3218d858, subnet-eb0503de, subnet-21ae0778, subnet-0d5e83f4
2026-05-13T21:12:14.313875Z Instance i-8b25c415a3ab3f383 → état stopped
2026-05-13T21:12:14.315765Z Instance i-d16c08ac67d0f840a → état running
2026-05-13T21:12:24.423285Z Instance i-8b25c415a3ab3f383 → état stopped
2026-05-13T21:12:24.425170Z Instance i-d16c08ac67d0f840a → état running
2026-05-13T21:12:33.302319Z Instance i-8b25c415a3ab3f383 → état stopped
2026-05-13T21:12:33.304084Z Instance i-d16c08ac67d0f840a → état running
2026-05-13T21:12:39.721810Z Instance i-8b25c415a3ab3f383 → état stopped
2026-05-13T21:12:39.723690Z Instance i-d16c08ac67d0f840a → état running
2026-05-13T21:12:39.736739Z Buckets actifs : demo-bucket-chaos-v2
2026-05-13T21:12:39.755420Z Subnets actifs : subnet-3652e551, subnet-02a59048, subnet-b28e2cc8, subnet-3218d858, subnet-eb0503de, subnet-21ae0778, subnet-0d5e83f4
2026-05-13T21:12:43.478144Z Instance i-8b25c415a3ab3f383 → état stopped
2026-05-13T21:12:43.480135Z Instance i-d16c08ac67d0f840a → état running
2026-05-13T21:12:53.585860Z Instance i-8b25c415a3ab3f383 → état stopped
2026-05-13T21:12:53.587684Z Instance i-d16c08ac67d0f840a → état running
2026-05-13T21:13:02.457977Z Instance i-8b25c415a3ab3f383 → état stopped
2026-05-13T21:13:02.459631Z Instance i-d16c08ac67d0f840a → état running
2026-05-13T21:13:08.555072Z Instance i-8b25c415a3ab3f383 → état stopped
2026-05-13T21:13:08.556913Z Instance i-d16c08ac67d0f840a → état running
2026-05-13T21:13:08.569201Z Buckets actifs : demo-bucket-chaos-v2
2026-05-13T21:13:08.588146Z Subnets actifs : subnet-3652e551, subnet-02a59048, subnet-b28e2cc8, subnet-3218d858, subnet-eb0503de, subnet-21ae0778, subnet-0d5e83f4
2026-05-13T21:13:12.641571Z Instance i-8b25c415a3ab3f383 → état stopped
2026-05-13T21:13:12.643445Z Instance i-d16c08ac67d0f840a → état running
2026-05-13T21:13:22.749989Z Instance i-8b25c415a3ab3f383 → état stopped
2026-05-13T21:13:22.751729Z Instance i-d16c08ac67d0f840a → état running
2026-05-13T21:13:31.713838Z Instance i-8b25c415a3ab3f383 → état stopped
2026-05-13T21:13:31.715530Z Instance i-d16c08ac67d0f840a → état running
2026-05-13T21:13:37.444953Z Instance i-8b25c415a3ab3f383 → état stopped
2026-05-13T21:13:37.446827Z Instance i-d16c08ac67d0f840a → état running
2026-05-13T21:13:37.459680Z Buckets actifs : demo-bucket-chaos-v2
2026-05-13T21:13:37.478745Z Subnets actifs : subnet-3652e551, subnet-02a59048, subnet-b28e2cc8, subnet-3218d858, subnet-eb0503de, subnet-21ae0778, subnet-0d5e83f4
2026-05-13T21:13:41.835071Z Instance i-8b25c415a3ab3f383 → état stopped
2026-05-13T21:13:41.836698Z Instance i-d16c08ac67d0f840a → état running
2026-05-13T21:13:51.940723Z Instance i-8b25c415a3ab3f383 → état stopped
2026-05-13T21:13:51.942422Z Instance i-d16c08ac67d0f840a → état running
2026-05-13T21:14:00.873465Z Instance i-8b25c415a3ab3f383 → état stopped
2026-05-13T21:14:00.875144Z Instance i-d16c08ac67d0f840a → état running
2026-05-13T21:14:06.279231Z Instance i-8b25c415a3ab3f383 → état stopped
2026-05-13T21:14:06.281140Z Instance i-d16c08ac67d0f840a → état running
2026-05-13T21:14:06.295984Z Buckets actifs : demo-bucket-chaos-v2
2026-05-13T21:14:06.391571Z Subnets actifs : subnet-3652e551, subnet-02a59048, subnet-b28e2cc8, subnet-3218d858, subnet-eb0503de, subnet-21ae0778, subnet-0d5e83f4
2026-05-13T21:14:10.993309Z Instance i-8b25c415a3ab3f383 → état stopped
2026-05-13T21:14:10.994936Z Instance i-d16c08ac67d0f840a → état running
2026-05-13T21:14:21.105875Z Instance i-8b25c415a3ab3f383 → état stopped
2026-05-13T21:14:21.107728Z Instance i-d16c08ac67d0f840a → état running
2026-05-13T21:14:30.030107Z Instance i-8b25c415a3ab3f383 → état stopped
2026-05-13T21:14:30.032054Z Instance i-d16c08ac67d0f840a → état running
2026-05-13T21:14:35.155362Z Instance i-8b25c415a3ab3f383 → état stopped
2026-05-13T21:14:35.157164Z Instance i-d16c08ac67d0f840a → état running
2026-05-13T21:14:35.170261Z Buckets actifs : demo-bucket-chaos-v2
2026-05-13T21:14:35.189815Z Subnets actifs : subnet-3652e551, subnet-02a59048, subnet-b28e2cc8, subnet-3218d858, subnet-eb0503de, subnet-21ae0778, subnet-0d5e83f4
2026-05-13T21:14:40.142771Z Instance i-8b25c415a3ab3f383 → état stopped
2026-05-13T21:14:40.144510Z Instance i-d16c08ac67d0f840a → état running
2026-05-13T21:14:50.251147Z Instance i-8b25c415a3ab3f383 → état stopped
2026-05-13T21:14:50.252847Z Instance i-d16c08ac67d0f840a → état running
2026-05-13T21:14:59.169243Z Instance i-8b25c415a3ab3f383 → état stopped
2026-05-13T21:14:59.170951Z Instance i-d16c08ac67d0f840a → état running
2026-05-13T21:15:03.964147Z Instance i-8b25c415a3ab3f383 → état stopped
2026-05-13T21:15:03.966055Z Instance i-d16c08ac67d0f840a → état running
2026-05-13T21:15:03.978189Z Buckets actifs : demo-bucket-chaos-v2
2026-05-13T21:15:04.001111Z Subnets actifs : subnet-3652e551, subnet-02a59048, subnet-b28e2cc8, subnet-3218d858, subnet-eb0503de, subnet-21ae0778, subnet-0d5e83f4
2026-05-13T21:15:09.265575Z Instance i-8b25c415a3ab3f383 → état stopped
2026-05-13T21:15:09.267372Z Instance i-d16c08ac67d0f840a → état running
2026-05-13T21:15:19.421716Z Instance i-8b25c415a3ab3f383 → état stopped
2026-05-13T21:15:19.423327Z Instance i-d16c08ac67d0f840a → état running
2026-05-13T21:15:28.303636Z Instance i-8b25c415a3ab3f383 → état stopped
2026-05-13T21:15:28.305430Z Instance i-d16c08ac67d0f840a → état running
2026-05-13T21:15:32.835381Z Instance i-8b25c415a3ab3f383 → état stopped
2026-05-13T21:15:32.837122Z Instance i-d16c08ac67d0f840a → état running
2026-05-13T21:15:32.849021Z Buckets actifs : demo-bucket-chaos-v2
2026-05-13T21:15:32.867298Z Subnets actifs : subnet-3652e551, subnet-02a59048, subnet-b28e2cc8, subnet-3218d858, subnet-eb0503de, subnet-21ae0778, subnet-0d5e83f4
2026-05-13T21:15:38.411337Z Instance i-8b25c415a3ab3f383 → état stopped
2026-05-13T21:15:38.413164Z Instance i-d16c08ac67d0f840a → état running
2026-05-13T21:15:48.593819Z Instance i-8b25c415a3ab3f383 → état stopped
2026-05-13T21:15:48.595596Z Instance i-d16c08ac67d0f840a → état running
2026-05-13T21:15:57.454213Z Instance i-8b25c415a3ab3f383 → état stopped
2026-05-13T21:15:57.456068Z Instance i-d16c08ac67d0f840a → état running
2026-05-13T21:16:01.695633Z Instance i-8b25c415a3ab3f383 → état stopped
2026-05-13T21:16:01.697277Z Instance i-d16c08ac67d0f840a → état running
2026-05-13T21:16:01.709452Z Buckets actifs : demo-bucket-chaos-v2
2026-05-13T21:16:01.729392Z Subnets actifs : subnet-3652e551, subnet-02a59048, subnet-b28e2cc8, subnet-3218d858, subnet-eb0503de, subnet-21ae0778, subnet-0d5e83f4
2026-05-13T21:16:07.546197Z Instance i-8b25c415a3ab3f383 → état stopped
2026-05-13T21:16:07.548065Z Instance i-d16c08ac67d0f840a → état running
2026-05-13T21:16:17.724189Z Instance i-8b25c415a3ab3f383 → état stopped
2026-05-13T21:16:17.726227Z Instance i-d16c08ac67d0f840a → état running
2026-05-13T21:16:26.607218Z Instance i-8b25c415a3ab3f383 → état stopped
2026-05-13T21:16:26.608910Z Instance i-d16c08ac67d0f840a → état running
2026-05-13T21:16:30.554269Z Instance i-8b25c415a3ab3f383 → état stopped
2026-05-13T21:16:30.556051Z Instance i-d16c08ac67d0f840a → état running
2026-05-13T21:16:30.568763Z Buckets actifs : demo-bucket-chaos-v2
2026-05-13T21:16:30.588452Z Subnets actifs : subnet-3652e551, subnet-02a59048, subnet-b28e2cc8, subnet-3218d858, subnet-eb0503de, subnet-21ae0778, subnet-0d5e83f4
2026-05-13T21:16:36.720189Z Instance i-8b25c415a3ab3f383 → état stopped
2026-05-13T21:16:36.721948Z Instance i-d16c08ac67d0f840a → état running
2026-05-13T21:16:46.910556Z Instance i-8b25c415a3ab3f383 → état stopped
2026-05-13T21:16:46.912144Z Instance i-d16c08ac67d0f840a → état running
2026-05-13T21:16:55.784185Z Instance i-8b25c415a3ab3f383 → état stopped
2026-05-13T21:16:55.786044Z Instance i-d16c08ac67d0f840a → état running
2026-05-13T21:16:59.423544Z Instance i-8b25c415a3ab3f383 → état stopped
2026-05-13T21:16:59.425306Z Instance i-d16c08ac67d0f840a → état running
2026-05-13T21:16:59.436673Z Buckets actifs : demo-bucket-chaos-v2
2026-05-13T21:16:59.454773Z Subnets actifs : subnet-3652e551, subnet-02a59048, subnet-b28e2cc8, subnet-3218d858, subnet-eb0503de, subnet-21ae0778, subnet-0d5e83f4
2026-05-13T21:17:05.949238Z Instance i-8b25c415a3ab3f383 → état stopped
2026-05-13T21:17:05.951090Z Instance i-d16c08ac67d0f840a → état running
2026-05-13T21:17:16.057336Z Instance i-8b25c415a3ab3f383 → état stopped
2026-05-13T21:17:16.059312Z Instance i-d16c08ac67d0f840a → état running
2026-05-13T21:17:24.908930Z Instance i-8b25c415a3ab3f383 → état stopped
2026-05-13T21:17:24.910675Z Instance i-d16c08ac67d0f840a → état running
2026-05-13T21:17:28.238198Z Instance i-8b25c415a3ab3f383 → état stopped
2026-05-13T21:17:28.240537Z Instance i-d16c08ac67d0f840a → état running
2026-05-13T21:17:28.257878Z Buckets actifs : demo-bucket-chaos-v2
2026-05-13T21:17:28.285639Z Subnets actifs : subnet-3652e551, subnet-02a59048, subnet-b28e2cc8, subnet-3218d858, subnet-eb0503de, subnet-21ae0778, subnet-0d5e83f4
2026-05-13T21:17:35.084019Z Instance i-8b25c415a3ab3f383 → état stopped
2026-05-13T21:17:35.085759Z Instance i-d16c08ac67d0f840a → état running
2026-05-13T21:17:45.184531Z Instance i-8b25c415a3ab3f383 → état stopped
2026-05-13T21:17:45.186219Z Instance i-d16c08ac67d0f840a → état running
2026-05-13T21:17:54.044973Z Instance i-8b25c415a3ab3f383 → état stopped
2026-05-13T21:17:54.046643Z Instance i-d16c08ac67d0f840a → état running
2026-05-13T21:17:57.088435Z Instance i-8b25c415a3ab3f383 → état stopped
2026-05-13T21:17:57.090189Z Instance i-d16c08ac67d0f840a → état running
2026-05-13T21:17:57.102929Z Buckets actifs : demo-bucket-chaos-v2
2026-05-13T21:17:57.125790Z Subnets actifs : subnet-3652e551, subnet-02a59048, subnet-b28e2cc8, subnet-3218d858, subnet-eb0503de, subnet-21ae0778, subnet-0d5e83f4
2026-05-13T21:18:04.214499Z Instance i-8b25c415a3ab3f383 → état stopped
2026-05-13T21:18:04.216385Z Instance i-d16c08ac67d0f840a → état running
2026-05-13T21:18:14.324537Z Instance i-8b25c415a3ab3f383 → état stopped
2026-05-13T21:18:14.326247Z Instance i-d16c08ac67d0f840a → état running
2026-05-13T21:18:23.187314Z Instance i-8b25c415a3ab3f383 → état stopped
2026-05-13T21:18:23.189074Z Instance i-d16c08ac67d0f840a → état running
2026-05-13T21:18:25.903093Z Instance i-8b25c415a3ab3f383 → état stopped
2026-05-13T21:18:25.904869Z Instance i-d16c08ac67d0f840a → état running
2026-05-13T21:18:25.916455Z Buckets actifs : demo-bucket-chaos-v2
2026-05-13T21:18:25.934725Z Subnets actifs : subnet-3652e551, subnet-02a59048, subnet-b28e2cc8, subnet-3218d858, subnet-eb0503de, subnet-21ae0778, subnet-0d5e83f4
2026-05-13T21:18:45.670575Z ⚠️ Subnet subnet-3218d858 introuvable → utilisation de subnet-73ad3eb0
2026-05-13T21:18:45.718785Z ⚠️ Security Group sg-8688cb6322de25b94 introuvable → lancement sans SG
2026-05-13T21:18:45.725994Z Buckets actifs : demo-bucket-chaos-v2
2026-05-13T21:18:45.735954Z 🔄 Nouvelle instance i-1c84431542ad7fc40 recréée (recovery)
2026-05-13T21:18:45.749523Z Subnets actifs : subnet-73ad3eb0, subnet-7a1be535, subnet-bb2eac85, subnet-d6f9d690, subnet-de93cbab, subnet-acb50707, subnet-d91ee8ad
2026-05-13T21:18:45.894582Z 🔄 [RECOVERY] Cycle de vérification terminé
2026-05-13T21:18:55.917736Z Instance i-809b0c14074b1effd → état running
2026-05-13T21:18:55.919348Z Instance i-1c84431542ad7fc40 → état running
2026-05-13T21:18:55.992358Z 🔄 [RECOVERY] Cycle de vérification terminé
2026-05-13T21:19:06.019774Z Instance i-809b0c14074b1effd → état running
2026-05-13T21:19:06.021287Z Instance i-1c84431542ad7fc40 → état running
2026-05-13T21:19:06.128401Z 🔄 [RECOVERY] Cycle de vérification terminé
2026-05-13T21:19:14.508478Z Instance i-809b0c14074b1effd → état running
2026-05-13T21:19:14.509934Z Instance i-1c84431542ad7fc40 → état running
2026-05-13T21:19:14.521488Z Buckets actifs : demo-bucket-chaos-v2
2026-05-13T21:19:14.540605Z Subnets actifs : subnet-73ad3eb0, subnet-7a1be535, subnet-bb2eac85, subnet-d6f9d690, subnet-de93cbab, subnet-acb50707, subnet-d91ee8ad
2026-05-13T21:19:14.881719Z Instance i-809b0c14074b1effd → état running
2026-05-13T21:19:14.883423Z Instance i-1c84431542ad7fc40 → état running
2026-05-13T21:19:14.957853Z 🔄 [RECOVERY] Cycle de vérification terminé
2026-05-13T21:19:24.986937Z Instance i-809b0c14074b1effd → état running
2026-05-13T21:19:24.988481Z Instance i-1c84431542ad7fc40 → état running
2026-05-13T21:19:25.062013Z 🔄 [RECOVERY] Cycle de vérification terminé
2026-05-13T21:19:35.104345Z Instance i-809b0c14074b1effd → état running
2026-05-13T21:19:35.105913Z Instance i-1c84431542ad7fc40 → état running
2026-05-13T21:19:35.258947Z 🔄 [RECOVERY] Cycle de vérification terminé
2026-05-13T21:19:43.377257Z Instance i-809b0c14074b1effd → état running
2026-05-13T21:19:43.379113Z Instance i-1c84431542ad7fc40 → état running
2026-05-13T21:19:43.393312Z Buckets actifs : demo-bucket-chaos-v2
2026-05-13T21:19:43.412982Z Subnets actifs : subnet-73ad3eb0, subnet-7a1be535, subnet-bb2eac85, subnet-d6f9d690, subnet-de93cbab, subnet-acb50707, subnet-d91ee8ad
2026-05-13T21:19:44.089587Z Instance i-809b0c14074b1effd → état running
2026-05-13T21:19:44.091339Z Instance i-1c84431542ad7fc40 → état running
2026-05-13T21:19:44.163408Z 🔄 [RECOVERY] Cycle de vérification terminé
2026-05-13T21:19:54.199110Z Instance i-809b0c14074b1effd → état running
2026-05-13T21:19:54.200987Z Instance i-1c84431542ad7fc40 → état running
2026-05-13T21:19:54.353124Z 🔄 [RECOVERY] Cycle de vérification terminé
2026-05-13T21:20:04.380014Z Instance i-809b0c14074b1effd → état running
2026-05-13T21:20:04.381789Z Instance i-1c84431542ad7fc40 → état running
2026-05-13T21:20:04.461535Z 🔄 [RECOVERY] Cycle de vérification terminé
2026-05-13T21:20:12.165023Z Instance i-809b0c14074b1effd → état running
2026-05-13T21:20:12.166885Z Instance i-1c84431542ad7fc40 → état running
2026-05-13T21:20:12.180084Z Buckets actifs : demo-bucket-chaos-v2
2026-05-13T21:20:12.200805Z Subnets actifs : subnet-73ad3eb0, subnet-7a1be535, subnet-bb2eac85, subnet-d6f9d690, subnet-de93cbab, subnet-acb50707, subnet-d91ee8ad
2026-05-13T21:20:13.211921Z Instance i-809b0c14074b1effd → état running
2026-05-13T21:20:13.213767Z Instance i-1c84431542ad7fc40 → état running
2026-05-13T21:20:13.287872Z 🔄 [RECOVERY] Cycle de vérification terminé
2026-05-13T21:20:23.324272Z Instance i-809b0c14074b1effd → état running
2026-05-13T21:20:23.325972Z Instance i-1c84431542ad7fc40 → état running
2026-05-13T21:20:23.460838Z 🔄 [RECOVERY] Cycle de vérification terminé
2026-05-13T21:20:33.488627Z Instance i-809b0c14074b1effd → état running
2026-05-13T21:20:33.490378Z Instance i-1c84431542ad7fc40 → état running
2026-05-13T21:20:33.565783Z 🔄 [RECOVERY] Cycle de vérification terminé
2026-05-13T21:20:41.029089Z Instance i-809b0c14074b1effd → état running
2026-05-13T21:20:41.030804Z Instance i-1c84431542ad7fc40 → état running
2026-05-13T21:20:41.043738Z Buckets actifs : demo-bucket-chaos-v2
2026-05-13T21:20:41.124210Z Subnets actifs : subnet-73ad3eb0, subnet-7a1be535, subnet-bb2eac85, subnet-d6f9d690, subnet-de93cbab, subnet-acb50707, subnet-d91ee8ad
2026-05-13T21:20:42.370191Z Instance i-809b0c14074b1effd → état running
2026-05-13T21:20:42.372011Z Instance i-1c84431542ad7fc40 → état running
2026-05-13T21:20:42.446496Z 🔄 [RECOVERY] Cycle de vérification terminé
2026-05-13T21:20:52.477170Z Instance i-809b0c14074b1effd → état running
2026-05-13T21:20:52.478922Z Instance i-1c84431542ad7fc40 → état running
2026-05-13T21:20:52.622517Z 🔄 [RECOVERY] Cycle de vérification terminé
2026-05-13T21:21:02.662944Z Instance i-809b0c14074b1effd → état running
2026-05-13T21:21:02.664622Z Instance i-1c84431542ad7fc40 → état running
2026-05-13T21:21:02.737349Z 🔄 [RECOVERY] Cycle de vérification terminé
2026-05-13T21:21:09.861630Z Instance i-809b0c14074b1effd → état running
2026-05-13T21:21:09.863601Z Instance i-1c84431542ad7fc40 → état running
2026-05-13T21:21:09.876104Z Buckets actifs : demo-bucket-chaos-v2
2026-05-13T21:21:09.894916Z Subnets actifs : subnet-73ad3eb0, subnet-7a1be535, subnet-bb2eac85, subnet-d6f9d690, subnet-de93cbab, subnet-acb50707, subnet-d91ee8ad
2026-05-13T21:21:11.484590Z Instance i-809b0c14074b1effd → état running
2026-05-13T21:21:11.486305Z Instance i-1c84431542ad7fc40 → état running
2026-05-13T21:21:11.561539Z 🔄 [RECOVERY] Cycle de vérification terminé
2026-05-13T21:21:21.592289Z Instance i-809b0c14074b1effd → état running
2026-05-13T21:21:21.593988Z Instance i-1c84431542ad7fc40 → état running
2026-05-13T21:21:21.740485Z 🔄 [RECOVERY] Cycle de vérification terminé
2026-05-13T21:21:31.764822Z Instance i-809b0c14074b1effd → état running
2026-05-13T21:21:31.766529Z Instance i-1c84431542ad7fc40 → état running
2026-05-13T21:21:31.838685Z 🔄 [RECOVERY] Cycle de vérification terminé
2026-05-13T21:21:38.712310Z Instance i-809b0c14074b1effd → état running
2026-05-13T21:21:38.714016Z Instance i-1c84431542ad7fc40 → état running
2026-05-13T21:21:38.726528Z Buckets actifs : demo-bucket-chaos-v2
2026-05-13T21:21:38.745237Z Subnets actifs : subnet-73ad3eb0, subnet-7a1be535, subnet-bb2eac85, subnet-d6f9d690, subnet-de93cbab, subnet-acb50707, subnet-d91ee8ad
2026-05-13T21:21:40.608184Z Instance i-809b0c14074b1effd → état running
2026-05-13T21:21:40.609997Z Instance i-1c84431542ad7fc40 → état running
2026-05-13T21:21:40.733524Z 🔄 [RECOVERY] Cycle de vérification terminé
2026-05-13T21:21:50.766772Z Instance i-809b0c14074b1effd → état running
2026-05-13T21:21:50.768575Z Instance i-1c84431542ad7fc40 → état running
2026-05-13T21:21:50.843347Z 🔄 [RECOVERY] Cycle de vérification terminé
2026-05-13T21:22:00.874278Z Instance i-809b0c14074b1effd → état running
2026-05-13T21:22:00.876050Z Instance i-1c84431542ad7fc40 → état running
2026-05-13T21:22:00.948299Z 🔄 [RECOVERY] Cycle de vérification terminé
2026-05-13T21:22:07.526799Z Instance i-809b0c14074b1effd → état running
2026-05-13T21:22:07.528412Z Instance i-1c84431542ad7fc40 → état running
2026-05-13T21:22:07.540243Z Buckets actifs : demo-bucket-chaos-v2
2026-05-13T21:22:07.559574Z Subnets actifs : subnet-73ad3eb0, subnet-7a1be535, subnet-bb2eac85, subnet-d6f9d690, subnet-de93cbab, subnet-acb50707, subnet-d91ee8ad
2026-05-13T21:22:09.711207Z Instance i-809b0c14074b1effd → état running
2026-05-13T21:22:09.712865Z Instance i-1c84431542ad7fc40 → état running
2026-05-13T21:22:09.854081Z 🔄 [RECOVERY] Cycle de vérification terminé
2026-05-13T21:22:19.887317Z Instance i-809b0c14074b1effd → état running
2026-05-13T21:22:19.889008Z Instance i-1c84431542ad7fc40 → état running
2026-05-13T21:22:19.958083Z 🔄 [RECOVERY] Cycle de vérification terminé
2026-05-13T21:22:29.987216Z Instance i-809b0c14074b1effd → état running
2026-05-13T21:22:29.988862Z Instance i-1c84431542ad7fc40 → état running
2026-05-13T21:22:30.059697Z 🔄 [RECOVERY] Cycle de vérification terminé
2026-05-13T21:22:36.354874Z Instance i-809b0c14074b1effd → état running
2026-05-13T21:22:36.357044Z Instance i-1c84431542ad7fc40 → état running
2026-05-13T21:22:36.368922Z Buckets actifs : demo-bucket-chaos-v2
2026-05-13T21:22:36.386547Z Subnets actifs : subnet-73ad3eb0, subnet-7a1be535, subnet-bb2eac85, subnet-d6f9d690, subnet-de93cbab, subnet-acb50707, subnet-d91ee8ad
2026-05-13T21:22:38.853651Z Instance i-809b0c14074b1effd → état running
2026-05-13T21:22:38.855284Z Instance i-1c84431542ad7fc40 → état running
2026-05-13T21:22:38.995144Z 🔄 [RECOVERY] Cycle de vérification terminé
2026-05-13T21:22:49.025057Z Instance i-809b0c14074b1effd → état running
2026-05-13T21:22:49.026467Z Instance i-1c84431542ad7fc40 → état running
2026-05-13T21:22:49.097579Z 🔄 [RECOVERY] Cycle de vérification terminé
2026-05-13T21:22:59.124548Z Instance i-809b0c14074b1effd → état running
2026-05-13T21:22:59.126137Z Instance i-1c84431542ad7fc40 → état running
2026-05-13T21:22:59.198157Z 🔄 [RECOVERY] Cycle de vérification terminé
2026-05-13T21:23:05.198410Z Instance i-809b0c14074b1effd → état running
2026-05-13T21:23:05.200066Z Instance i-1c84431542ad7fc40 → état running
2026-05-13T21:23:05.211927Z Buckets actifs : demo-bucket-chaos-v2
2026-05-13T21:23:05.230439Z Subnets actifs : subnet-73ad3eb0, subnet-7a1be535, subnet-bb2eac85, subnet-d6f9d690, subnet-de93cbab, subnet-acb50707, subnet-d91ee8ad
2026-05-13T21:23:08.011235Z Instance i-809b0c14074b1effd → état running
2026-05-13T21:23:08.012868Z Instance i-1c84431542ad7fc40 → état running
2026-05-13T21:23:08.153313Z 🔄 [RECOVERY] Cycle de vérification terminé
2026-05-13T21:23:18.187108Z Instance i-809b0c14074b1effd → état running
2026-05-13T21:23:18.188712Z Instance i-1c84431542ad7fc40 → état running
2026-05-13T21:23:18.262942Z 🔄 [RECOVERY] Cycle de vérification terminé
2026-05-13T21:23:28.296999Z Instance i-809b0c14074b1effd → état running
2026-05-13T21:23:28.298770Z Instance i-1c84431542ad7fc40 → état running
2026-05-13T21:23:28.437919Z 🔄 [RECOVERY] Cycle de vérification terminé
2026-05-13T21:23:34.031764Z Instance i-809b0c14074b1effd → état running
2026-05-13T21:23:34.033586Z Instance i-1c84431542ad7fc40 → état running
2026-05-13T21:23:34.047098Z Buckets actifs : demo-bucket-chaos-v2
2026-05-13T21:23:34.066445Z Subnets actifs : subnet-73ad3eb0, subnet-7a1be535, subnet-bb2eac85, subnet-d6f9d690, subnet-de93cbab, subnet-acb50707, subnet-d91ee8ad
2026-05-13T21:23:37.190473Z Instance i-809b0c14074b1effd → état running
2026-05-13T21:23:37.192375Z Instance i-1c84431542ad7fc40 → état running
2026-05-13T21:23:37.267575Z 🔄 [RECOVERY] Cycle de vérification terminé
2026-05-13T21:23:47.302240Z Instance i-809b0c14074b1effd → état running
2026-05-13T21:23:47.303937Z Instance i-1c84431542ad7fc40 → état running
2026-05-13T21:23:47.377326Z 🔄 [RECOVERY] Cycle de vérification terminé
2026-05-13T21:23:57.416402Z Instance i-809b0c14074b1effd → état running
2026-05-13T21:23:57.418143Z Instance i-1c84431542ad7fc40 → état running
2026-05-13T21:23:57.573434Z 🔄 [RECOVERY] Cycle de vérification terminé
2026-05-13T21:24:02.848230Z Instance i-809b0c14074b1effd → état running
2026-05-13T21:24:02.849945Z Instance i-1c84431542ad7fc40 → état running
2026-05-13T21:24:02.864553Z Buckets actifs : demo-bucket-chaos-v2
2026-05-13T21:24:02.885889Z Subnets actifs : subnet-73ad3eb0, subnet-7a1be535, subnet-bb2eac85, subnet-d6f9d690, subnet-de93cbab, subnet-acb50707, subnet-d91ee8ad
2026-05-13T21:24:06.336774Z Instance i-809b0c14074b1effd → état running
2026-05-13T21:24:06.338435Z Instance i-1c84431542ad7fc40 → état running
2026-05-13T21:24:06.408375Z 🔄 [RECOVERY] Cycle de vérification terminé
2026-05-13T21:24:16.432290Z Instance i-809b0c14074b1effd → état running
2026-05-13T21:24:16.434325Z Instance i-1c84431542ad7fc40 → état running
2026-05-13T21:24:16.510582Z 🔄 [RECOVERY] Cycle de vérification terminé
2026-05-13T21:24:26.539377Z Instance i-809b0c14074b1effd → état running
2026-05-13T21:24:26.540999Z Instance i-1c84431542ad7fc40 → état running
2026-05-13T21:24:26.687960Z 🔄 [RECOVERY] Cycle de vérification terminé
2026-05-13T21:24:31.650283Z Instance i-809b0c14074b1effd → état running
2026-05-13T21:24:31.652104Z Instance i-1c84431542ad7fc40 → état running
2026-05-13T21:24:31.666966Z Buckets actifs : demo-bucket-chaos-v2
2026-05-13T21:24:31.686320Z Subnets actifs : subnet-73ad3eb0, subnet-7a1be535, subnet-bb2eac85, subnet-d6f9d690, subnet-de93cbab, subnet-acb50707, subnet-d91ee8ad
2026-05-13T21:24:35.422073Z Instance i-809b0c14074b1effd → état running
2026-05-13T21:24:35.423952Z Instance i-1c84431542ad7fc40 → état running
2026-05-13T21:24:35.499303Z 🔄 [RECOVERY] Cycle de vérification terminé
2026-05-13T21:24:45.531377Z Instance i-809b0c14074b1effd → état running
2026-05-13T21:24:45.533005Z Instance i-1c84431542ad7fc40 → état running
2026-05-13T21:24:45.602183Z 🔄 [RECOVERY] Cycle de vérification terminé
2026-05-13T21:24:55.636734Z Instance i-809b0c14074b1effd → état running
2026-05-13T21:24:55.638427Z Instance i-1c84431542ad7fc40 → état running
2026-05-13T21:24:55.799764Z 🔄 [RECOVERY] Cycle de vérification terminé
2026-05-13T21:25:00.531996Z Instance i-809b0c14074b1effd → état running
2026-05-13T21:25:00.533745Z Instance i-1c84431542ad7fc40 → état running
2026-05-13T21:25:00.547489Z Buckets actifs : demo-bucket-chaos-v2
2026-05-13T21:25:00.567972Z Subnets actifs : subnet-73ad3eb0, subnet-7a1be535, subnet-bb2eac85, subnet-d6f9d690, subnet-de93cbab, subnet-acb50707, subnet-d91ee8ad
2026-05-13T21:25:04.626234Z Instance i-809b0c14074b1effd → état running
2026-05-13T21:25:04.627799Z Instance i-1c84431542ad7fc40 → état running
2026-05-13T21:25:04.708602Z 🔄 [RECOVERY] Cycle de vérification terminé
2026-05-13T21:25:14.744485Z Instance i-809b0c14074b1effd → état running
2026-05-13T21:25:14.746035Z Instance i-1c84431542ad7fc40 → état running
2026-05-13T21:25:14.886112Z 🔄 [RECOVERY] Cycle de vérification terminé
2026-05-13T21:25:24.918985Z Instance i-809b0c14074b1effd → état running
2026-05-13T21:25:24.920619Z Instance i-1c84431542ad7fc40 → état running
2026-05-13T21:25:24.996277Z 🔄 [RECOVERY] Cycle de vérification terminé
2026-05-13T21:25:29.297303Z Instance i-809b0c14074b1effd → état running
2026-05-13T21:25:29.298914Z Instance i-1c84431542ad7fc40 → état running
2026-05-13T21:25:29.310044Z Buckets actifs : demo-bucket-chaos-v2
2026-05-13T21:25:29.327646Z Subnets actifs : subnet-73ad3eb0, subnet-7a1be535, subnet-bb2eac85, subnet-d6f9d690, subnet-de93cbab, subnet-acb50707, subnet-d91ee8ad
2026-05-13T21:25:33.710679Z Instance i-809b0c14074b1effd → état running
2026-05-13T21:25:33.712202Z Instance i-1c84431542ad7fc40 → état running
2026-05-13T21:25:33.780915Z 🔄 [RECOVERY] Cycle de vérification terminé
2026-05-13T21:25:43.807471Z Instance i-809b0c14074b1effd → état running
2026-05-13T21:25:43.809253Z Instance i-1c84431542ad7fc40 → état running
2026-05-13T21:25:43.947961Z 🔄 [RECOVERY] Cycle de vérification terminé
2026-05-13T21:25:53.976874Z Instance i-809b0c14074b1effd → état running
2026-05-13T21:25:53.978593Z Instance i-1c84431542ad7fc40 → état running
2026-05-13T21:25:54.053735Z 🔄 [RECOVERY] Cycle de vérification terminé
2026-05-13T21:25:58.112396Z Instance i-809b0c14074b1effd → état running
2026-05-13T21:25:58.114278Z Instance i-1c84431542ad7fc40 → état running
2026-05-13T21:25:58.129238Z Buckets actifs : demo-bucket-chaos-v2
2026-05-13T21:25:58.205957Z Subnets actifs : subnet-73ad3eb0, subnet-7a1be535, subnet-bb2eac85, subnet-d6f9d690, subnet-de93cbab, subnet-acb50707, subnet-d91ee8ad
2026-05-13T21:26:02.827269Z Instance i-809b0c14074b1effd → état running
2026-05-13T21:26:02.828833Z Instance i-1c84431542ad7fc40 → état running
2026-05-13T21:26:02.897540Z 🔄 [RECOVERY] Cycle de vérification terminé
2026-05-13T21:26:12.929142Z Instance i-809b0c14074b1effd → état running
2026-05-13T21:26:12.930827Z Instance i-1c84431542ad7fc40 → état running
2026-05-13T21:26:13.083136Z 🔄 [RECOVERY] Cycle de vérification terminé
2026-05-13T21:26:23.116690Z Instance i-809b0c14074b1effd → état running
2026-05-13T21:26:23.118775Z Instance i-1c84431542ad7fc40 → état running
2026-05-13T21:26:23.198238Z 🔄 [RECOVERY] Cycle de vérification terminé
2026-05-13T21:26:27.034185Z Instance i-809b0c14074b1effd → état running
2026-05-13T21:26:27.035764Z Instance i-1c84431542ad7fc40 → état running
2026-05-13T21:26:27.048463Z Buckets actifs : demo-bucket-chaos-v2
2026-05-13T21:26:27.067786Z Subnets actifs : subnet-73ad3eb0, subnet-7a1be535, subnet-bb2eac85, subnet-d6f9d690, subnet-de93cbab, subnet-acb50707, subnet-d91ee8ad
2026-05-13T21:26:32.007955Z Instance i-809b0c14074b1effd → état running
2026-05-13T21:26:32.009663Z Instance i-1c84431542ad7fc40 → état running
2026-05-13T21:26:32.092399Z 🔄 [RECOVERY] Cycle de vérification terminé
2026-05-13T21:26:42.120385Z Instance i-809b0c14074b1effd → état running
2026-05-13T21:26:42.122012Z Instance i-1c84431542ad7fc40 → état running
2026-05-13T21:26:42.265840Z 🔄 [RECOVERY] Cycle de vérification terminé
2026-05-13T21:26:52.293551Z Instance i-809b0c14074b1effd → état running
2026-05-13T21:26:52.295200Z Instance i-1c84431542ad7fc40 → état running
2026-05-13T21:26:52.363813Z 🔄 [RECOVERY] Cycle de vérification terminé
2026-05-13T21:26:55.847951Z Instance i-809b0c14074b1effd → état running
2026-05-13T21:26:55.849567Z Instance i-1c84431542ad7fc40 → état running
2026-05-13T21:26:55.863714Z Buckets actifs : demo-bucket-chaos-v2
2026-05-13T21:26:55.886292Z Subnets actifs : subnet-73ad3eb0, subnet-7a1be535, subnet-bb2eac85, subnet-d6f9d690, subnet-de93cbab, subnet-acb50707, subnet-d91ee8ad
2026-05-13T21:27:01.139684Z Instance i-809b0c14074b1effd → état running
2026-05-13T21:27:01.141615Z Instance i-1c84431542ad7fc40 → état running
2026-05-13T21:27:01.268114Z 🔄 [RECOVERY] Cycle de vérification terminé
2026-05-13T21:27:11.302572Z Instance i-809b0c14074b1effd → état running
2026-05-13T21:27:11.304336Z Instance i-1c84431542ad7fc40 → état running
2026-05-13T21:27:11.384012Z 🔄 [RECOVERY] Cycle de vérification terminé
2026-05-13T21:27:21.416386Z Instance i-809b0c14074b1effd → état running
2026-05-13T21:27:21.418131Z Instance i-1c84431542ad7fc40 → état running
2026-05-13T21:27:21.490598Z 🔄 [RECOVERY] Cycle de vérification terminé
2026-05-13T21:27:24.672892Z Instance i-809b0c14074b1effd → état running
2026-05-13T21:27:24.674687Z Instance i-1c84431542ad7fc40 → état running
2026-05-13T21:27:24.687489Z Buckets actifs : demo-bucket-chaos-v2
2026-05-13T21:27:24.706822Z Subnets actifs : subnet-73ad3eb0, subnet-7a1be535, subnet-bb2eac85, subnet-d6f9d690, subnet-de93cbab, subnet-acb50707, subnet-d91ee8ad
2026-05-13T21:27:30.253596Z Instance i-809b0c14074b1effd → état running
2026-05-13T21:27:30.255350Z Instance i-1c84431542ad7fc40 → état running
2026-05-13T21:27:30.398197Z 🔄 [RECOVERY] Cycle de vérification terminé
